[2025-09-13T22:14:26.530+0000] {manager.py:470} INFO - Processing files using up to 2 processes at a time 
[2025-09-13T22:14:26.540+0000] {manager.py:471} INFO - Process each file at most once every 30 seconds
[2025-09-13T22:14:26.545+0000] {manager.py:472} INFO - Checking for new files in /opt/airflow/dags every 300 seconds
[2025-09-13T22:14:26.550+0000] {manager.py:737} INFO - Searching for files in /opt/airflow/dags
[2025-09-13T22:14:26.576+0000] {manager.py:740} INFO - There are 0 files in /opt/airflow/dags
[2025-09-13T22:19:26.744+0000] {manager.py:737} INFO - Searching for files in /opt/airflow/dags
[2025-09-13T22:19:26.758+0000] {manager.py:740} INFO - There are 0 files in /opt/airflow/dags
[2025-09-13T22:24:27.239+0000] {manager.py:737} INFO - Searching for files in /opt/airflow/dags
[2025-09-13T22:24:27.247+0000] {manager.py:740} INFO - There are 0 files in /opt/airflow/dags
[2025-09-13T22:29:27.868+0000] {manager.py:737} INFO - Searching for files in /opt/airflow/dags
[2025-09-13T22:29:27.879+0000] {manager.py:740} INFO - There are 0 files in /opt/airflow/dags
[2025-09-13T22:34:28.712+0000] {manager.py:737} INFO - Searching for files in /opt/airflow/dags
[2025-09-13T22:34:28.727+0000] {manager.py:740} INFO - There are 0 files in /opt/airflow/dags
[2025-09-13T22:39:29.555+0000] {manager.py:737} INFO - Searching for files in /opt/airflow/dags
[2025-09-13T22:39:29.565+0000] {manager.py:740} INFO - There are 0 files in /opt/airflow/dags
[2025-09-13T22:44:29.762+0000] {manager.py:737} INFO - Searching for files in /opt/airflow/dags
[2025-09-13T22:44:29.786+0000] {manager.py:740} INFO - There are 0 files in /opt/airflow/dags
[2025-09-13T22:49:30.432+0000] {manager.py:737} INFO - Searching for files in /opt/airflow/dags
[2025-09-13T22:49:30.441+0000] {manager.py:740} INFO - There are 0 files in /opt/airflow/dags
[2025-09-13T22:54:30.974+0000] {manager.py:737} INFO - Searching for files in /opt/airflow/dags
[2025-09-13T22:54:30.985+0000] {manager.py:740} INFO - There are 0 files in /opt/airflow/dags
[2025-09-13T22:59:31.227+0000] {manager.py:737} INFO - Searching for files in /opt/airflow/dags
[2025-09-13T22:59:31.238+0000] {manager.py:740} INFO - There are 0 files in /opt/airflow/dags
[2025-09-13T23:04:31.730+0000] {manager.py:737} INFO - Searching for files in /opt/airflow/dags
[2025-09-13T23:04:31.750+0000] {manager.py:740} INFO - There are 0 files in /opt/airflow/dags
[2025-09-14T08:14:38.121+0000] {manager.py:470} INFO - Processing files using up to 2 processes at a time 
[2025-09-14T08:14:38.125+0000] {manager.py:471} INFO - Process each file at most once every 30 seconds
[2025-09-14T08:14:38.128+0000] {manager.py:472} INFO - Checking for new files in /opt/airflow/dags every 300 seconds
[2025-09-14T08:14:38.131+0000] {manager.py:737} INFO - Searching for files in /opt/airflow/dags
[2025-09-14T08:14:38.145+0000] {manager.py:740} INFO - There are 0 files in /opt/airflow/dags
[2025-09-14T08:14:47.027+0000] {manager.py:452} INFO - Exiting gracefully upon receiving signal 15
